TN:
SF:script/DeployDSC.s.sol
FN:13,DeployDSC.run
FNDA:12,DeployDSC.run
DA:15,12
DA:16,12
DA:18,12
DA:20,12
DA:21,12
DA:23,12
DA:24,12
DA:25,12
DA:26,12
DA:27,12
FNF:1
FNH:1
LF:10
LH:10
BRF:0
BRH:0
end_of_record
TN:
SF:script/HelperConfig.s.sol
FN:24,HelperConfig.
FNDA:12,HelperConfig.
DA:26,12
DA:27,0
BRDA:27,0,0,-
BRDA:26,0,1,12
DA:28,12
DA:29,0
BRDA:29,1,0,-
BRDA:28,1,1,12
DA:30,12
FN:32,HelperConfig.getMainnetEthConfig
FNDA:0,HelperConfig.getMainnetEthConfig
DA:36,0
FN:42,HelperConfig.getSepoliaEthConfig
FNDA:0,HelperConfig.getSepoliaEthConfig
DA:48,0
FN:54,HelperConfig.getOrCreateAnvilEthConfig
FNDA:12,HelperConfig.getOrCreateAnvilEthConfig
DA:58,12
DA:59,0
BRDA:59,2,0,-
DA:65,12
DA:67,12
DA:71,12
DA:73,12
DA:74,12
FNF:4
FNH:2
LF:14
LH:9
BRF:5
BRH:2
end_of_record
TN:
SF:src/DSCEngine.sol
FN:107,DSCEngine.moreThanZero
FNDA:0,DSCEngine.moreThanZero
DA:108,0
BRDA:108,0,0,-
DA:109,0
FN:114,DSCEngine.isAllowedToken
FNDA:8275,DSCEngine.isAllowedToken
DA:115,8275
BRDA:115,1,0,1
DA:116,1
FN:125,DSCEngine.
FNDA:13,DSCEngine.
DA:127,13
BRDA:127,2,0,1
DA:128,1
DA:133,12
DA:134,24
DA:135,24
DA:138,12
FN:153,DSCEngine.depositCollateralAndMintDsc
FNDA:4,DSCEngine.depositCollateralAndMintDsc
DA:158,4
DA:159,4
FN:167,DSCEngine.depositCollateral
FNDA:8272,DSCEngine.depositCollateral
DA:173,8274
DA:174,8274
DA:175,8274
DA:176,8274
BRDA:176,3,0,-
DA:177,0
FN:189,DSCEngine.redeemCollateralForDsc
FNDA:0,DSCEngine.redeemCollateralForDsc
DA:190,0
DA:191,0
FN:196,DSCEngine.redeemCollateral
FNDA:112,DSCEngine.redeemCollateral
DA:201,112
FN:209,DSCEngine.mintDsc
FNDA:7671,DSCEngine.mintDsc
DA:210,7675
DA:212,7675
DA:213,7675
DA:214,7675
BRDA:214,4,0,-
DA:215,0
FN:219,DSCEngine.burnDsc
FNDA:1,DSCEngine.burnDsc
DA:220,1
FN:246,DSCEngine.liquidate
FNDA:0,DSCEngine.liquidate
DA:252,0
DA:254,0
BRDA:254,5,0,-
DA:255,0
DA:262,0
DA:269,0
DA:270,0
DA:271,0
DA:272,0
DA:274,0
DA:275,0
BRDA:275,6,0,-
DA:276,0
DA:279,0
FN:293,DSCEngine.getHealthFactor
FNDA:0,DSCEngine.getHealthFactor
DA:294,0
FN:306,DSCEngine._burnDsc
FNDA:1,DSCEngine._burnDsc
DA:307,1
DA:308,1
DA:309,1
BRDA:309,7,0,-
DA:310,0
DA:312,1
FN:315,DSCEngine._redeemCollateral
FNDA:112,DSCEngine._redeemCollateral
DA:316,112
DA:317,112
DA:318,93
DA:320,93
DA:321,93
BRDA:321,8,0,-
DA:322,0
FN:326,DSCEngine._getAccountInformation
FNDA:15750,DSCEngine._getAccountInformation
DA:327,15750
DA:328,15750
FN:335,DSCEngine._healthFactor
FNDA:7787,DSCEngine._healthFactor
DA:338,7787
DA:339,7787
DA:340,7733
DA:341,7733
FN:352,DSCEngine._revertIfHealthFactorIsBroken
FNDA:7787,DSCEngine._revertIfHealthFactorIsBroken
DA:353,7787
DA:354,7787
BRDA:354,10,0,19
DA:355,19
FN:363,DSCEngine.getTokenAmountFromUsd
FNDA:1,DSCEngine.getTokenAmountFromUsd
DA:366,1
DA:367,1
DA:368,1
FN:371,DSCEngine.getAccountCollateralValueInUsd
FNDA:0,DSCEngine.getAccountCollateralValueInUsd
DA:372,15750
DA:373,31500
DA:374,31500
DA:375,31500
DA:378,0
FN:381,DSCEngine.getUsdValue
FNDA:2,DSCEngine.getUsdValue
DA:382,31502
DA:383,31502
DA:386,31502
FN:389,DSCEngine.getAccountInformation
FNDA:7963,DSCEngine.getAccountInformation
DA:390,7963
FN:393,DSCEngine.getCollateralTokens
FNDA:2,DSCEngine.getCollateralTokens
DA:394,2
FN:397,DSCEngine.getCollateralBalanceOfUser
FNDA:8368,DSCEngine.getCollateralBalanceOfUser
DA:398,8368
FN:401,DSCEngine.getCollateralTokenPriceFeed
FNDA:2,DSCEngine.getCollateralTokenPriceFeed
DA:402,2
FNF:23
FNH:18
LF:74
LH:52
BRF:10
BRH:3
end_of_record
TN:
SF:src/DecentralizedStableCoin.sol
FN:48,DecentralizedStableCoin.
FNDA:12,DecentralizedStableCoin.
FN:50,DecentralizedStableCoin.mint
FNDA:7675,DecentralizedStableCoin.mint
DA:51,7675
BRDA:51,0,0,-
DA:52,7675
BRDA:52,1,0,-
DA:53,7675
DA:54,7675
FN:57,DecentralizedStableCoin.burn
FNDA:1,DecentralizedStableCoin.burn
DA:58,1
DA:59,1
BRDA:59,2,0,-
DA:60,1
BRDA:60,3,0,-
DA:61,1
FNF:3
FNH:3
LF:8
LH:8
BRF:4
BRH:0
end_of_record
TN:
SF:src/libraries/OracleLib.sol
FN:20,OracleLib.stalePriceCheck
FNDA:1,OracleLib.stalePriceCheck
DA:21,1
DA:22,1
DA:24,1
DA:25,0
BRDA:25,0,0,-
FNF:1
FNH:1
LF:4
LH:3
BRF:1
BRH:0
end_of_record
TN:
SF:test/fuzz/Handler.t.sol
FN:27,Handler.
FNDA:2,Handler.
DA:29,2
DA:30,2
DA:33,2
DA:34,2
DA:35,2
FN:37,Handler.mintDsc
FNDA:8200,Handler.mintDsc
DA:40,8200
DA:41,8200
BRDA:41,0,0,8200
DA:44,7958
DA:45,7958
DA:46,7958
BRDA:46,1,0,-
DA:47,7958
DA:50,7958
BRDA:50,2,0,287
DA:51,7671
DA:52,7671
DA:55,7671
DA:56,7671
FN:57,Handler.depositCollateral
FNDA:8269,Handler.depositCollateral
DA:61,8269
DA:62,8269
DA:63,8269
DA:65,8269
DA:67,8269
DA:68,8269
FN:69,Handler.redeemCollateral
FNDA:8368,Handler.redeemCollateral
DA:74,8368
DA:75,8368
DA:76,8368
DA:78,8368
BRDA:78,3,0,8258
DA:79,110
FN:89,Handler._getCollateralFromSeed
FNDA:16637,Handler._getCollateralFromSeed
DA:93,16637
BRDA:93,4,0,8311
FNF:5
FNH:5
LF:28
LH:28
BRF:5
BRH:4
end_of_record
TN:
SF:test/mocks/MockV3Aggregator.sol
FN:22,MockV3Aggregator.
FNDA:24,MockV3Aggregator.
DA:24,24
DA:25,24
FN:26,MockV3Aggregator.updateAnswer
FNDA:24,MockV3Aggregator.updateAnswer
DA:29,24
DA:30,24
DA:31,24
DA:33,24
DA:34,24
FN:35,MockV3Aggregator.updateRoundData
FNDA:0,MockV3Aggregator.updateRoundData
DA:38,0
DA:39,0
DA:40,0
DA:41,0
DA:42,0
DA:43,0
FN:44,MockV3Aggregator.getRoundData
FNDA:0,MockV3Aggregator.getRoundData
DA:50,0
FN:52,MockV3Aggregator.latestRoundData
FNDA:31503,MockV3Aggregator.latestRoundData
DA:58,31503
FN:64,MockV3Aggregator.description
FNDA:0,MockV3Aggregator.description
DA:69,0
FNF:6
FNH:3
LF:16
LH:8
BRF:0
BRH:0
end_of_record
